# JRE version: OpenJDK Runtime Environment Temurin-21.0.10+7 (21.0.10+7) (build 21.0.10+7-LTS)
# Java VM: OpenJDK 64-Bit Server VM Temurin-21.0.10+7 (21.0.10+7-LTS, mixed mode, sharing, tiered, compressed oops, compressed class ptrs, parallel gc, windows-amd64)
GC Precious Log:
 CardTable entry size: 512
 CPUs: 8 total, 8 available
 Memory: 7931M
 Large Page Support: Disabled
 NUMA Support: Disabled
 Compressed Oops: Enabled (32-bit)
 Alignments: Space 512K, Generation 512K, Heap 2M
 Heap Min Capacity: 100M
 Heap Initial Capacity: 100M
 Heap Max Capacity: 2G
 Pre-touch: Disabled
 Parallel Workers: 8
Heap:
 PSYoungGen      total 15872K, used 10404K [0x00000000d5580000, 0x00000000d6780000, 0x0000000100000000)
  eden space 15360K, 67% used [0x00000000d5580000,0x00000000d5fa9300,0x00000000d6480000)
  from space 512K, 0% used [0x00000000d6600000,0x00000000d6600000,0x00000000d6680000)
  to   space 1536K, 0% used [0x00000000d6480000,0x00000000d6480000,0x00000000d6600000)
 ParOldGen       total 71680K, used 58487K [0x0000000080000000, 0x0000000084600000, 0x00000000d5580000)
  object space 71680K, 81% used [0x0000000080000000,0x000000008391df38,0x0000000084600000)
 Metaspace       used 59001K, committed 60416K, reserved 1114112K
  class space    used 6374K, committed 6976K, reserved 1048576K
GC Heap History (20 events):
Event: 54.707 GC heap before
{Heap before GC invocations=64 (full 2):
 PSYoungGen      total 16896K, used 16800K [0x00000000d5580000, 0x00000000d6700000, 0x0000000100000000)
  eden space 16384K, 100% used [0x00000000d5580000,0x00000000d6580000,0x00000000d6580000)
  from space 512K, 81% used [0x00000000d6600000,0x00000000d6668000,0x00000000d6680000)
  to   space 512K, 0% used [0x00000000d6680000,0x00000000d6680000,0x00000000d6700000)
 ParOldGen       total 68608K, used 67157K [0x0000000080000000, 0x0000000084300000, 0x00000000d5580000)
  object space 68608K, 97% used [0x0000000080000000,0x0000000084195410,0x0000000084300000)
 Metaspace       used 53852K, committed 55232K, reserved 1114112K
  class space    used 5762K, committed 6400K, reserved 1048576K
}
Event: 54.708 GC heap after
{Heap after GC invocations=64 (full 2):
 PSYoungGen      total 16896K, used 496K [0x00000000d5580000, 0x00000000d6780000, 0x0000000100000000)
  eden space 16384K, 0% used [0x00000000d5580000,0x00000000d5580000,0x00000000d6580000)
  from space 512K, 96% used [0x00000000d6680000,0x00000000d66fc080,0x00000000d6700000)
  to   space 1024K, 0% used [0x00000000d6580000,0x00000000d6580000,0x00000000d6680000)
 ParOldGen       total 68608K, used 67477K [0x0000000080000000, 0x0000000084300000, 0x00000000d5580000)
  object space 68608K, 98% used [0x0000000080000000,0x00000000841e5410,0x0000000084300000)
 Metaspace       used 53852K, committed 55232K, reserved 1114112K
  class space    used 5762K, committed 6400K, reserved 1048576K
}
Event: 54.794 GC heap before
{Heap before GC invocations=65 (full 2):
 PSYoungGen      total 16896K, used 16880K [0x00000000d5580000, 0x00000000d6780000, 0x0000000100000000)
  eden space 16384K, 100% used [0x00000000d5580000,0x00000000d6580000,0x00000000d6580000)
  from space 512K, 96% used [0x00000000d6680000,0x00000000d66fc080,0x00000000d6700000)
  to   space 1024K, 0% used [0x00000000d6580000,0x00000000d6580000,0x00000000d6680000)
 ParOldGen       total 68608K, used 67477K [0x0000000080000000, 0x0000000084300000, 0x00000000d5580000)
  object space 68608K, 98% used [0x0000000080000000,0x00000000841e5410,0x0000000084300000)
 Metaspace       used 54096K, committed 55488K, reserved 1114112K
  class space    used 5804K, committed 6400K, reserved 1048576K
}
Event: 54.796 GC heap after
{Heap after GC invocations=65 (full 2):
 PSYoungGen      total 17408K, used 576K [0x00000000d5580000, 0x00000000d6780000, 0x0000000100000000)
  eden space 16384K, 0% used [0x00000000d5580000,0x00000000d5580000,0x00000000d6580000)
  from space 1024K, 56% used [0x00000000d6580000,0x00000000d6610000,0x00000000d6680000)
  to   space 1024K, 0% used [0x00000000d6680000,0x00000000d6680000,0x00000000d6780000)
 ParOldGen       total 68608K, used 67813K [0x0000000080000000, 0x0000000084300000, 0x00000000d5580000)
  object space 68608K, 98% used [0x0000000080000000,0x00000000842395c0,0x0000000084300000)
 Metaspace       used 54096K, committed 55488K, reserved 1114112K
  class space    used 5804K, committed 6400K, reserved 1048576K
}
Event: 54.886 GC heap before
{Heap before GC invocations=66 (full 2):
 PSYoungGen      total 17408K, used 16960K [0x00000000d5580000, 0x00000000d6780000, 0x0000000100000000)
  eden space 16384K, 100% used [0x00000000d5580000,0x00000000d6580000,0x00000000d6580000)
  from space 1024K, 56% used [0x00000000d6580000,0x00000000d6610000,0x00000000d6680000)
  to   space 1024K, 0% used [0x00000000d6680000,0x00000000d6680000,0x00000000d6780000)
 ParOldGen       total 68608K, used 67813K [0x0000000080000000, 0x0000000084300000, 0x00000000d5580000)
  object space 68608K, 98% used [0x0000000080000000,0x00000000842395c0,0x0000000084300000)
 Metaspace       used 54121K, committed 55552K, reserved 1114112K
  class space    used 5807K, committed 6400K, reserved 1048576K
}
Event: 54.888 GC heap after
{Heap after GC invocations=66 (full 2):
 PSYoungGen      total 17408K, used 480K [0x00000000d5580000, 0x00000000d6780000, 0x0000000100000000)
  eden space 16384K, 0% used [0x00000000d5580000,0x00000000d5580000,0x00000000d6580000)
  from space 1024K, 46% used [0x00000000d6680000,0x00000000d66f8000,0x00000000d6780000)
  to   space 1024K, 0% used [0x00000000d6580000,0x00000000d6580000,0x00000000d6680000)
 ParOldGen       total 68608K, used 68231K [0x0000000080000000, 0x0000000084300000, 0x00000000d5580000)
  object space 68608K, 99% used [0x0000000080000000,0x00000000842a1e80,0x0000000084300000)
 Metaspace       used 54121K, committed 55552K, reserved 1114112K
  class space    used 5807K, committed 6400K, reserved 1048576K
}
Event: 54.958 GC heap before
{Heap before GC invocations=67 (full 2):
 PSYoungGen      total 17408K, used 16864K [0x00000000d5580000, 0x00000000d6780000, 0x0000000100000000)
  eden space 16384K, 100% used [0x00000000d5580000,0x00000000d6580000,0x00000000d6580000)
  from space 1024K, 46% used [0x00000000d6680000,0x00000000d66f8000,0x00000000d6780000)
  to   space 1024K, 0% used [0x00000000d6580000,0x00000000d6580000,0x00000000d6680000)
 ParOldGen       total 68608K, used 68231K [0x0000000080000000, 0x0000000084300000, 0x00000000d5580000)
  object space 68608K, 99% used [0x0000000080000000,0x00000000842a1e80,0x0000000084300000)
 Metaspace       used 54121K, committed 55552K, reserved 1114112K
  class space    used 5807K, committed 6400K, reserved 1048576K
}
Event: 54.960 GC heap after
{Heap after GC invocations=67 (full 2):
 PSYoungGen      total 17408K, used 512K [0x00000000d5580000, 0x00000000d6780000, 0x0000000100000000)
  eden space 16384K, 0% used [0x00000000d5580000,0x00000000d5580000,0x00000000d6580000)
  from space 1024K, 50% used [0x00000000d6580000,0x00000000d6600000,0x00000000d6680000)
  to   space 1024K, 0% used [0x00000000d6680000,0x00000000d6680000,0x00000000d6780000)
 ParOldGen       total 68608K, used 68559K [0x0000000080000000, 0x0000000084300000, 0x00000000d5580000)
  object space 68608K, 99% used [0x0000000080000000,0x00000000842f3e80,0x0000000084300000)
 Metaspace       used 54121K, committed 55552K, reserved 1114112K
  class space    used 5807K, committed 6400K, reserved 1048576K
}
Event: 55.096 GC heap before
{Heap before GC invocations=68 (full 2):
 PSYoungGen      total 17408K, used 16896K [0x00000000d5580000, 0x00000000d6780000, 0x0000000100000000)
  eden space 16384K, 100% used [0x00000000d5580000,0x00000000d6580000,0x00000000d6580000)
  from space 1024K, 50% used [0x00000000d6580000,0x00000000d6600000,0x00000000d6680000)
  to   space 1024K, 0% used [0x00000000d6680000,0x00000000d6680000,0x00000000d6780000)
 ParOldGen       total 68608K, used 68559K [0x0000000080000000, 0x0000000084300000, 0x00000000d5580000)
  object space 68608K, 99% used [0x0000000080000000,0x00000000842f3e80,0x0000000084300000)
 Metaspace       used 54246K, committed 55680K, reserved 1114112K
  class space    used 5818K, committed 6464K, reserved 1048576K
}
Event: 55.098 GC heap after
{Heap after GC invocations=68 (full 2):
 PSYoungGen      total 16384K, used 1024K [0x00000000d5580000, 0x00000000d6980000, 0x0000000100000000)
  eden space 15360K, 0% used [0x00000000d5580000,0x00000000d5580000,0x00000000d6480000)
  from space 1024K, 100% used [0x00000000d6680000,0x00000000d6780000,0x00000000d6780000)
  to   space 2048K, 0% used [0x00000000d6480000,0x00000000d6480000,0x00000000d6680000)
 ParOldGen       total 69120K, used 68943K [0x0000000080000000, 0x0000000084380000, 0x00000000d5580000)
  object space 69120K, 99% used [0x0000000080000000,0x0000000084353e80,0x0000000084380000)
 Metaspace       used 54246K, committed 55680K, reserved 1114112K
  class space    used 5818K, committed 6464K, reserved 1048576K
}
Event: 55.691 GC heap before
{Heap before GC invocations=69 (full 2):
 PSYoungGen      total 16384K, used 16384K [0x00000000d5580000, 0x00000000d6980000, 0x0000000100000000)
  eden space 15360K, 100% used [0x00000000d5580000,0x00000000d6480000,0x00000000d6480000)
  from space 1024K, 100% used [0x00000000d6680000,0x00000000d6780000,0x00000000d6780000)
  to   space 2048K, 0% used [0x00000000d6480000,0x00000000d6480000,0x00000000d6680000)
 ParOldGen       total 69120K, used 68943K [0x0000000080000000, 0x0000000084380000, 0x00000000d5580000)
  object space 69120K, 99% used [0x0000000080000000,0x0000000084353e80,0x0000000084380000)
 Metaspace       used 55590K, committed 57024K, reserved 1114112K
  class space    used 5980K, committed 6592K, reserved 1048576K
}
Event: 55.694 GC heap after
{Heap after GC invocations=69 (full 2):
 PSYoungGen      total 16384K, used 840K [0x00000000d5580000, 0x00000000d6780000, 0x0000000100000000)
  eden space 15360K, 0% used [0x00000000d5580000,0x00000000d5580000,0x00000000d6480000)
  from space 1024K, 82% used [0x00000000d6480000,0x00000000d6552028,0x00000000d6580000)
  to   space 1536K, 0% used [0x00000000d6600000,0x00000000d6600000,0x00000000d6780000)
 ParOldGen       total 70144K, used 69967K [0x0000000080000000, 0x0000000084480000, 0x00000000d5580000)
  object space 70144K, 99% used [0x0000000080000000,0x0000000084453e90,0x0000000084480000)
 Metaspace       used 55590K, committed 57024K, reserved 1114112K
  class space    used 5980K, committed 6592K, reserved 1048576K
}
Event: 56.830 GC heap before
{Heap before GC invocations=70 (full 2):
 PSYoungGen      total 16384K, used 16200K [0x00000000d5580000, 0x00000000d6780000, 0x0000000100000000)
  eden space 15360K, 100% used [0x00000000d5580000,0x00000000d6480000,0x00000000d6480000)
  from space 1024K, 82% used [0x00000000d6480000,0x00000000d6552028,0x00000000d6580000)
  to   space 1536K, 0% used [0x00000000d6600000,0x00000000d6600000,0x00000000d6780000)
 ParOldGen       total 70144K, used 69967K [0x0000000080000000, 0x0000000084480000, 0x00000000d5580000)
  object space 70144K, 99% used [0x0000000080000000,0x0000000084453e90,0x0000000084480000)
 Metaspace       used 56410K, committed 57792K, reserved 1114112K
  class space    used 6098K, committed 6720K, reserved 1048576K
}
Event: 56.832 GC heap after
{Heap after GC invocations=70 (full 2):
 PSYoungGen      total 15872K, used 466K [0x00000000d5580000, 0x00000000d6680000, 0x0000000100000000)
  eden space 15360K, 0% used [0x00000000d5580000,0x00000000d5580000,0x00000000d6480000)
  from space 512K, 91% used [0x00000000d6600000,0x00000000d6674b08,0x00000000d6680000)
  to   space 1024K, 0% used [0x00000000d6480000,0x00000000d6480000,0x00000000d6580000)
 ParOldGen       total 70656K, used 70584K [0x0000000080000000, 0x0000000084500000, 0x00000000d5580000)
  object space 70656K, 99% used [0x0000000080000000,0x00000000844ee350,0x0000000084500000)
 Metaspace       used 56410K, committed 57792K, reserved 1114112K
  class space    used 6098K, committed 6720K, reserved 1048576K
}
Event: 57.544 GC heap before
{Heap before GC invocations=71 (full 2):
 PSYoungGen      total 15872K, used 15826K [0x00000000d5580000, 0x00000000d6680000, 0x0000000100000000)
  eden space 15360K, 100% used [0x00000000d5580000,0x00000000d6480000,0x00000000d6480000)
  from space 512K, 91% used [0x00000000d6600000,0x00000000d6674b08,0x00000000d6680000)
  to   space 1024K, 0% used [0x00000000d6480000,0x00000000d6480000,0x00000000d6580000)
 ParOldGen       total 70656K, used 70584K [0x0000000080000000, 0x0000000084500000, 0x00000000d5580000)
  object space 70656K, 99% used [0x0000000080000000,0x00000000844ee350,0x0000000084500000)
 Metaspace       used 57275K, committed 58688K, reserved 1114112K
  class space    used 6182K, committed 6784K, reserved 1048576K
}
Event: 57.547 GC heap after
{Heap after GC invocations=71 (full 2):
 PSYoungGen      total 16384K, used 288K [0x00000000d5580000, 0x00000000d6680000, 0x0000000100000000)
  eden space 15360K, 0% used [0x00000000d5580000,0x00000000d5580000,0x00000000d6480000)
  from space 1024K, 28% used [0x00000000d6480000,0x00000000d64c8000,0x00000000d6580000)
  to   space 512K, 0% used [0x00000000d6600000,0x00000000d6600000,0x00000000d6680000)
 ParOldGen       total 71168K, used 70973K [0x0000000080000000, 0x0000000084580000, 0x00000000d5580000)
  object space 71168K, 99% used [0x0000000080000000,0x000000008454f720,0x0000000084580000)
 Metaspace       used 57275K, committed 58688K, reserved 1114112K
  class space    used 6182K, committed 6784K, reserved 1048576K
}
Event: 58.007 GC heap before
{Heap before GC invocations=72 (full 2):
 PSYoungGen      total 16384K, used 9286K [0x00000000d5580000, 0x00000000d6680000, 0x0000000100000000)
  eden space 15360K, 58% used [0x00000000d5580000,0x00000000d5e49830,0x00000000d6480000)
  from space 1024K, 28% used [0x00000000d6480000,0x00000000d64c8000,0x00000000d6580000)
  to   space 512K, 0% used [0x00000000d6600000,0x00000000d6600000,0x00000000d6680000)
 ParOldGen       total 71168K, used 70973K [0x0000000080000000, 0x0000000084580000, 0x00000000d5580000)
  object space 71168K, 99% used [0x0000000080000000,0x000000008454f720,0x0000000084580000)
 Metaspace       used 58365K, committed 59776K, reserved 1114112K
  class space    used 6287K, committed 6912K, reserved 1048576K
}
Event: 58.010 GC heap after
{Heap after GC invocations=72 (full 2):
 PSYoungGen      total 15872K, used 512K [0x00000000d5580000, 0x00000000d6780000, 0x0000000100000000)
  eden space 15360K, 0% used [0x00000000d5580000,0x00000000d5580000,0x00000000d6480000)
  from space 512K, 100% used [0x00000000d6600000,0x00000000d6680000,0x00000000d6680000)
  to   space 1536K, 0% used [0x00000000d6480000,0x00000000d6480000,0x00000000d6600000)
 ParOldGen       total 71680K, used 71569K [0x0000000080000000, 0x0000000084600000, 0x00000000d5580000)
  object space 71680K, 99% used [0x0000000080000000,0x00000000845e4578,0x0000000084600000)
 Metaspace       used 58365K, committed 59776K, reserved 1114112K
  class space    used 6287K, committed 6912K, reserved 1048576K
}
Event: 58.010 GC heap before
{Heap before GC invocations=73 (full 3):
 PSYoungGen      total 15872K, used 512K [0x00000000d5580000, 0x00000000d6780000, 0x0000000100000000)
  eden space 15360K, 0% used [0x00000000d5580000,0x00000000d5580000,0x00000000d6480000)
  from space 512K, 100% used [0x00000000d6600000,0x00000000d6680000,0x00000000d6680000)
  to   space 1536K, 0% used [0x00000000d6480000,0x00000000d6480000,0x00000000d6600000)
 ParOldGen       total 71680K, used 71569K [0x0000000080000000, 0x0000000084600000, 0x00000000d5580000)
  object space 71680K, 99% used [0x0000000080000000,0x00000000845e4578,0x0000000084600000)
 Metaspace       used 58365K, committed 59776K, reserved 1114112K
  class space    used 6287K, committed 6912K, reserved 1048576K
}
Event: 58.195 GC heap after
{Heap after GC invocations=73 (full 3):
 PSYoungGen      total 15872K, used 0K [0x00000000d5580000, 0x00000000d6780000, 0x0000000100000000)
  eden space 15360K, 0% used [0x00000000d5580000,0x00000000d5580000,0x00000000d6480000)
  from space 512K, 0% used [0x00000000d6600000,0x00000000d6600000,0x00000000d6680000)
  to   space 1536K, 0% used [0x00000000d6480000,0x00000000d6480000,0x00000000d6600000)
 ParOldGen       total 71680K, used 58487K [0x0000000080000000, 0x0000000084600000, 0x00000000d5580000)
  object space 71680K, 81% used [0x0000000080000000,0x000000008391df38,0x0000000084600000)
 Metaspace       used 58363K, committed 59776K, reserved 1114112K
  class space    used 6287K, committed 6912K, reserved 1048576K
}

